0 info it worked if it ends with ok
1 verbose cli [ 'C:\\Program Files\\nodejs\\\\node.exe',
1 verbose cli   'C:\\Program Files\\nodejs\\node_modules\\npm\\bin\\npm-cli.js',
1 verbose cli   'publish' ]
2 info using npm@1.1.66
3 info using node@v0.8.15
4 verbose node symlink C:\Program Files\nodejs\\node.exe
5 verbose publish [ '.' ]
6 verbose read json E:\work\sourceCode\webzine\trunk\buildtool\node_modules\grunt-comboPage\package.json
7 verbose cache add [ '.', null ]
8 silly cache add name=undefined spec="." args=[".",null]
9 verbose parsed url { pathname: '.', path: '.', href: '.' }
10 silly lockFile 3a52ce78- .
11 verbose lock . C:\Users\bzhang\AppData\Roaming\npm-cache\3a52ce78-.lock
12 verbose read json package.json
13 verbose tar pack [ 'C:\\Users\\bzhang\\AppData\\Local\\Temp\\npm-6224\\1376642658710-0.7309726711828262\\tmp.tgz',
13 verbose tar pack   '.' ]
14 verbose tarball C:\Users\bzhang\AppData\Local\Temp\npm-6224\1376642658710-0.7309726711828262\tmp.tgz
15 verbose folder .
16 info prepublish grunt-comboPage@0.1.0
17 silly lockFile fa3f2108-58710-0-7309726711828262-tmp-tgz C:\Users\bzhang\AppData\Local\Temp\npm-6224\1376642658710-0.7309726711828262\tmp.tgz
18 verbose lock C:\Users\bzhang\AppData\Local\Temp\npm-6224\1376642658710-0.7309726711828262\tmp.tgz C:\Users\bzhang\AppData\Roaming\npm-cache\fa3f2108-58710-0-7309726711828262-tmp-tgz.lock
19 silly lockFile fa3f2108-58710-0-7309726711828262-tmp-tgz C:\Users\bzhang\AppData\Local\Temp\npm-6224\1376642658710-0.7309726711828262\tmp.tgz
20 verbose tar unpack C:\Users\bzhang\AppData\Local\Temp\npm-6224\1376642658710-0.7309726711828262\tmp.tgz
21 silly lockFile b41165a4-58710-0-7309726711828262-package C:\Users\bzhang\AppData\Local\Temp\npm-6224\1376642658710-0.7309726711828262\package
22 verbose lock C:\Users\bzhang\AppData\Local\Temp\npm-6224\1376642658710-0.7309726711828262\package C:\Users\bzhang\AppData\Roaming\npm-cache\b41165a4-58710-0-7309726711828262-package.lock
23 silly gunzTarPerm modes [ '755', '644' ]
24 silly gunzTarPerm extractEntry package.json
25 silly gunzTarPerm modified mode [ 'package.json', 438, 420 ]
26 silly gunzTarPerm extractEntry .npmignore
27 silly gunzTarPerm modified mode [ '.npmignore', 438, 420 ]
28 silly gunzTarPerm extractEntry README.md
29 silly gunzTarPerm modified mode [ 'README.md', 438, 420 ]
30 silly gunzTarPerm extractEntry Gruntfile.js
31 silly gunzTarPerm modified mode [ 'Gruntfile.js', 438, 420 ]
32 silly gunzTarPerm extractEntry .jshintrc
33 silly gunzTarPerm modified mode [ '.jshintrc', 438, 420 ]
34 silly gunzTarPerm extractEntry detail.html
35 silly gunzTarPerm modified mode [ 'detail.html', 438, 420 ]
36 silly gunzTarPerm extractEntry LICENSE-MIT
37 silly gunzTarPerm modified mode [ 'LICENSE-MIT', 438, 420 ]
38 silly gunzTarPerm extractEntry tasks/comboPage.js
39 silly gunzTarPerm modified mode [ 'tasks/comboPage.js', 438, 420 ]
40 verbose read json C:\Users\bzhang\AppData\Local\Temp\npm-6224\1376642658710-0.7309726711828262\package\package.json
41 silly lockFile b41165a4-58710-0-7309726711828262-package C:\Users\bzhang\AppData\Local\Temp\npm-6224\1376642658710-0.7309726711828262\package
42 verbose from cache C:\Users\bzhang\AppData\Local\Temp\npm-6224\1376642658710-0.7309726711828262\package\package.json
43 verbose tar pack [ 'C:\\Users\\bzhang\\AppData\\Roaming\\npm-cache\\grunt-comboPage\\0.1.0\\package.tgz',
43 verbose tar pack   'C:\\Users\\bzhang\\AppData\\Local\\Temp\\npm-6224\\1376642658710-0.7309726711828262\\package' ]
44 verbose tarball C:\Users\bzhang\AppData\Roaming\npm-cache\grunt-comboPage\0.1.0\package.tgz
45 verbose folder C:\Users\bzhang\AppData\Local\Temp\npm-6224\1376642658710-0.7309726711828262\package
46 silly lockFile 8c229fa4-runt-comboPage-0-1-0-package-tgz C:\Users\bzhang\AppData\Roaming\npm-cache\grunt-comboPage\0.1.0\package.tgz
47 verbose lock C:\Users\bzhang\AppData\Roaming\npm-cache\grunt-comboPage\0.1.0\package.tgz C:\Users\bzhang\AppData\Roaming\npm-cache\8c229fa4-runt-comboPage-0-1-0-package-tgz.lock
48 silly lockFile 8c229fa4-runt-comboPage-0-1-0-package-tgz C:\Users\bzhang\AppData\Roaming\npm-cache\grunt-comboPage\0.1.0\package.tgz
49 silly lockFile 377ed581-he-grunt-comboPage-0-1-0-package C:\Users\bzhang\AppData\Roaming\npm-cache\grunt-comboPage\0.1.0\package
50 verbose lock C:\Users\bzhang\AppData\Roaming\npm-cache\grunt-comboPage\0.1.0\package C:\Users\bzhang\AppData\Roaming\npm-cache\377ed581-he-grunt-comboPage-0-1-0-package.lock
51 silly lockFile 377ed581-he-grunt-comboPage-0-1-0-package C:\Users\bzhang\AppData\Roaming\npm-cache\grunt-comboPage\0.1.0\package
52 verbose tar unpack C:\Users\bzhang\AppData\Roaming\npm-cache\grunt-comboPage\0.1.0\package.tgz
53 silly lockFile 377ed581-he-grunt-comboPage-0-1-0-package C:\Users\bzhang\AppData\Roaming\npm-cache\grunt-comboPage\0.1.0\package
54 verbose lock C:\Users\bzhang\AppData\Roaming\npm-cache\grunt-comboPage\0.1.0\package C:\Users\bzhang\AppData\Roaming\npm-cache\377ed581-he-grunt-comboPage-0-1-0-package.lock
55 silly gunzTarPerm modes [ '755', '644' ]
56 silly gunzTarPerm extractEntry package.json
57 silly gunzTarPerm modified mode [ 'package.json', 438, 420 ]
58 silly gunzTarPerm extractEntry .npmignore
59 silly gunzTarPerm modified mode [ '.npmignore', 438, 420 ]
60 silly gunzTarPerm extractEntry README.md
61 silly gunzTarPerm modified mode [ 'README.md', 438, 420 ]
62 silly gunzTarPerm extractEntry Gruntfile.js
63 silly gunzTarPerm modified mode [ 'Gruntfile.js', 438, 420 ]
64 silly gunzTarPerm extractEntry .jshintrc
65 silly gunzTarPerm modified mode [ '.jshintrc', 438, 420 ]
66 silly gunzTarPerm extractEntry detail.html
67 silly gunzTarPerm modified mode [ 'detail.html', 438, 420 ]
68 silly gunzTarPerm extractEntry LICENSE-MIT
69 silly gunzTarPerm modified mode [ 'LICENSE-MIT', 438, 420 ]
70 silly gunzTarPerm extractEntry tasks/comboPage.js
71 silly gunzTarPerm modified mode [ 'tasks/comboPage.js', 438, 420 ]
72 verbose read json C:\Users\bzhang\AppData\Roaming\npm-cache\grunt-comboPage\0.1.0\package\package.json
73 silly lockFile 377ed581-he-grunt-comboPage-0-1-0-package C:\Users\bzhang\AppData\Roaming\npm-cache\grunt-comboPage\0.1.0\package
74 silly shasum updated bytes 6519
75 info shasum fbc24ebf8d43da4ee6ae8594e6e1fdf2661c974d
75 info shasum C:\Users\bzhang\AppData\Roaming\npm-cache\grunt-comboPage\0.1.0\package.tgz
76 verbose from cache C:\Users\bzhang\AppData\Roaming\npm-cache\grunt-comboPage\0.1.0\package\package.json
77 verbose chmod C:\Users\bzhang\AppData\Roaming\npm-cache\grunt-comboPage\0.1.0\package.tgz 644
78 silly chown skipping for windows C:\Users\bzhang\AppData\Roaming\npm-cache\grunt-comboPage\0.1.0\package.tgz
79 silly lockFile 3a52ce78- .
80 silly publish { name: 'grunt-comboPage',
80 silly publish   description: 'It\'s a tool for combo and min the html file, and it could minfiy the remotet css files and js files.',
80 silly publish   version: '0.1.0',
80 silly publish   homepage: 'https://github.com/ginano/grunt-comboPage',
80 silly publish   author:
80 silly publish    { name: 'ginano',
80 silly publish      email: 'www@ginano.net',
80 silly publish      url: 'http://www.ginano.net' },
80 silly publish   repository:
80 silly publish    { type: 'git',
80 silly publish      url: 'git://github.com/ginano/grunt-comboPage.git' },
80 silly publish   bugs: { url: 'https://github.com/ginano/grunt-comboPage/issues' },
80 silly publish   licenses:
80 silly publish    [ { type: 'MIT',
80 silly publish        url: 'https://github.com/ginano/grunt-comboPage/blob/master/LICENSE-MIT' } ],
80 silly publish   main: 'Gruntfile.js',
80 silly publish   engines: { node: '>= 0.8.0' },
80 silly publish   scripts: { test: 'grunt test' },
80 silly publish   devDependencies:
80 silly publish    { 'clean-css': '~1.0.12',
80 silly publish      'uglify-js': '~2.3.6',
80 silly publish      jshint: '~2.1.0' },
80 silly publish   peerDependencies: { grunt: '~0.4.1' },
80 silly publish   keywords: [ 'gruntplugin', 'html', 'min', 'combo' ],
80 silly publish   readme: '# grunt-comboPage\r\n\r\n> It\'s a tool for combo and min the html file, and it could minfiy the remotet css files and js files.\r\n\r\n## Getting Started\r\nThis plugin requires Grunt `~0.4.1`\r\n\r\nIf you haven\'t used [Grunt](http://gruntjs.com/) before, be sure to check out the [Getting Started](http://gruntjs.com/getting-started) guide, as it explains how to create a [Gruntfile](http://gruntjs.com/sample-gruntfile) as well as install and use Grunt plugins. Once you\'re familiar with that process, you may install this plugin with this command:\r\n\r\n```shell\r\nnpm install grunt-comboPage --save-dev\r\n```\r\n\r\nOnce the plugin has been installed, it may be enabled inside your Gruntfile with this line of JavaScript:\r\n\r\n```js\r\ngrunt.loadNpmTasks(\'grunt-comboPage\');\r\n```\r\n\r\n## The "comboPage" task\r\n\r\n### Overview\r\nIn your project\'s Gruntfile, add a section named `comboPage` to the data object passed into `grunt.initConfig()`.\r\n\r\n```js\r\ngrunt.initConfig({\r\n  comboPage: {\r\n    options: {\r\n      // Task-specific options go here.\r\n    },\r\n    your_target: {\r\n      // Target-specific file lists and/or options go here.\r\n    },\r\n  },\r\n})\r\n```\r\n\r\n### Options\r\n\r\n#### options.separator\r\nType: `String`\r\nDefault value: `\',  \'`\r\n\r\nA string value that is used to do something with whatever.\r\n\r\n#### options.punctuation\r\nType: `String`\r\nDefault value: `\'.\'`\r\n\r\nA string value that is used to do something else with whatever else.\r\n\r\n### Usage Examples\r\n\r\n#### Default Options\r\nIn this example, the default options are used to do something with whatever. So if the `testing` file has the content `Testing` and the `123` file had the content `1 2 3`, the generated result would be `Testing, 1 2 3.`\r\n\r\n```js\r\ngrunt.initConfig({\r\n  comboPage: {\r\n    options: {},\r\n    files: {\r\n      \'dest/default_options\': [\'src/testing\', \'src/123\'],\r\n    },\r\n  },\r\n})\r\n```\r\n\r\n#### Custom Options\r\nIn this example, custom options are used to do something else with whatever else. So if the `testing` file has the content `Testing` and the `123` file had the content `1 2 3`, the generated result in this case would be `Testing: 1 2 3 !!!`\r\n\r\n```js\r\ngrunt.initConfig({\r\n  comboPage: {\r\n    options: {\r\n      separator: \': \',\r\n      punctuation: \' !!!\',\r\n    },\r\n    files: {\r\n      \'dest/default_options\': [\'src/testing\', \'src/123\'],\r\n    },\r\n  },\r\n})\r\n```\r\n\r\n## Contributing\r\nIn lieu of a formal styleguide, take care to maintain the existing coding style. Add unit tests for any new or changed functionality. Lint and test your code using [Grunt](http://gruntjs.com/).\r\n\r\n## Release History\r\n_(Nothing yet)_\r\n',
80 silly publish   readmeFilename: 'README.md',
80 silly publish   _id: 'grunt-comboPage@0.1.0',
80 silly publish   dist: { shasum: 'fbc24ebf8d43da4ee6ae8594e6e1fdf2661c974d' } }
81 error need auth auth and email required for publishing
81 error need auth You need to authorize this machine using `npm adduser`
82 error System Windows_NT 6.1.7601
83 error command "C:\\Program Files\\nodejs\\\\node.exe" "C:\\Program Files\\nodejs\\node_modules\\npm\\bin\\npm-cli.js" "publish"
84 error cwd E:\work\sourceCode\webzine\trunk\buildtool\node_modules\grunt-comboPage
85 error node -v v0.8.15
86 error npm -v 1.1.66
87 error code ENEEDAUTH
88 verbose exit [ 1, true ]
